This file contains any messages produced by compilers while
running configure, to aid debugging if configure makes a mistake.

It was created by MED Fichier configure 4.1.1, which was
generated by GNU Autoconf 2.71.  Invocation command line was

  $ ./configure CFLAGS=-O2 CXXFLAGS=-O2 FFLAGS=-O2 --disable-python --prefix= --with-hdf5=

## --------- ##
## Platform. ##
## --------- ##

hostname = tomsail-XPS-15-9530
uname -m = x86_64
uname -r = 6.2.0-35-generic
uname -s = Linux
uname -v = #35~22.04.1-Ubuntu SMP PREEMPT_DYNAMIC Fri Oct  6 10:23:26 UTC 2

/usr/bin/uname -p = x86_64
/bin/uname -X     = unknown

/bin/arch              = x86_64
/usr/bin/arch -k       = unknown
/usr/convex/getsysinfo = unknown
/usr/bin/hostinfo      = unknown
/bin/machine           = unknown
/usr/bin/oslevel       = unknown
/bin/universe          = unknown

PATH: /home/tomsail/.local/bin/
PATH: /home/tomsail/.local/bin/
PATH: /home/tomsail/.local/bin/
PATH: /home/tomsail/miniconda3/condabin/
PATH: /home/tomsail/.local/bin/
PATH: /usr/local/sbin/
PATH: /usr/local/bin/
PATH: /usr/sbin/
PATH: /usr/bin/
PATH: /sbin/
PATH: /bin/
PATH: /usr/games/
PATH: /usr/local/games/
PATH: /snap/bin/
PATH: /snap/bin/


## ----------- ##
## Core tests. ##
## ----------- ##

configure:3590: looking for aux files: ltmain.sh config.guess config.sub compile missing install-sh
configure:3603:  trying ./config/
configure:3632:   ./config/ltmain.sh found
configure:3632:   ./config/config.guess found
configure:3632:   ./config/config.sub found
configure:3632:   ./config/compile found
configure:3632:   ./config/missing found
configure:3614:   ./config/install-sh found
configure:3887: checking for a BSD-compatible install
configure:3960: result: /usr/bin/install -c
configure:3971: checking whether build environment is sane
configure:4026: result: yes
configure:4185: checking for a race-free mkdir -p
configure:4229: result: /usr/bin/mkdir -p
configure:4236: checking for gawk
configure:4271: result: no
configure:4236: checking for mawk
configure:4257: found /usr/bin/mawk
configure:4268: result: mawk
configure:4279: checking whether make sets $(MAKE)
configure:4302: result: yes
configure:4332: checking whether make supports nested variables
configure:4350: result: yes
configure:4435: checking whether UID '1000' is supported by ustar format
configure:4438: result: yes
configure:4445: checking whether GID '1000' is supported by ustar format
configure:4448: result: yes
configure:4456: checking how to create a ustar tar archive
configure:4467: tar --version
tar (GNU tar) 1.34
Copyright (C) 2021 Free Software Foundation, Inc.
License GPLv3+: GNU GPL version 3 or later <https://gnu.org/licenses/gpl.html>.
This is free software: you are free to change and redistribute it.
There is NO WARRANTY, to the extent permitted by law.

Written by John Gilmore and Jay Fenlason.
configure:4470: $? = 0
configure:4510: tardir=conftest.dir && eval tar --format=ustar -chf - "$tardir" >conftest.tar
configure:4513: $? = 0
configure:4517: tar -xf - <conftest.tar
configure:4520: $? = 0
configure:4522: cat conftest.dir/file
GrepMe
configure:4525: $? = 0
configure:4539: result: gnutar
configure:4681: Trying /usr/ home path for searching H5pubconf.h file.
configure:4681: Trying /usr//lib/x86_64-linux-gnu/hdf5/serial/ home path for searching H5pubconf.h file.
configure:4711: checking for a sed that does not truncate output
configure:4781: result: /usr/bin/sed
configure:4802: checking whether to compile C using MPI
configure:4809: result: no
configure:4942: checking whether make supports the include directive
configure:4957: make -f confmf.GNU && cat confinc.out
this is the am__doit target
configure:4960: $? = 0
configure:4979: result: yes (GNU style)
configure:5057: checking for gcc
configure:5078: found /usr/bin/gcc
configure:5089: result: gcc
configure:5442: checking for C compiler version
configure:5451: gcc --version >&5
gcc (Ubuntu 11.4.0-1ubuntu1~22.04) 11.4.0
Copyright (C) 2021 Free Software Foundation, Inc.
This is free software; see the source for copying conditions.  There is NO
warranty; not even for MERCHANTABILITY or FITNESS FOR A PARTICULAR PURPOSE.

configure:5462: $? = 0
configure:5451: gcc -v >&5
Using built-in specs.
COLLECT_GCC=gcc
COLLECT_LTO_WRAPPER=/usr/lib/gcc/x86_64-linux-gnu/11/lto-wrapper
OFFLOAD_TARGET_NAMES=nvptx-none:amdgcn-amdhsa
OFFLOAD_TARGET_DEFAULT=1
Target: x86_64-linux-gnu
Configured with: ../src/configure -v --with-pkgversion='Ubuntu 11.4.0-1ubuntu1~22.04' --with-bugurl=file:///usr/share/doc/gcc-11/README.Bugs --enable-languages=c,ada,c++,go,brig,d,fortran,objc,obj-c++,m2 --prefix=/usr --with-gcc-major-version-only --program-suffix=-11 --program-prefix=x86_64-linux-gnu- --enable-shared --enable-linker-build-id --libexecdir=/usr/lib --without-included-gettext --enable-threads=posix --libdir=/usr/lib --enable-nls --enable-bootstrap --enable-clocale=gnu --enable-libstdcxx-debug --enable-libstdcxx-time=yes --with-default-libstdcxx-abi=new --enable-gnu-unique-object --disable-vtable-verify --enable-plugin --enable-default-pie --with-system-zlib --enable-libphobos-checking=release --with-target-system-zlib=auto --enable-objc-gc=auto --enable-multiarch --disable-werror --enable-cet --with-arch-32=i686 --with-abi=m64 --with-multilib-list=m32,m64,mx32 --enable-multilib --with-tune=generic --enable-offload-targets=nvptx-none=/build/gcc-11-XeT9lY/gcc-11-11.4.0/debian/tmp-nvptx/usr,amdgcn-amdhsa=/build/gcc-11-XeT9lY/gcc-11-11.4.0/debian/tmp-gcn/usr --without-cuda-driver --enable-checking=release --build=x86_64-linux-gnu --host=x86_64-linux-gnu --target=x86_64-linux-gnu --with-build-config=bootstrap-lto-lean --enable-link-serialization=2
Thread model: posix
Supported LTO compression algorithms: zlib zstd
gcc version 11.4.0 (Ubuntu 11.4.0-1ubuntu1~22.04) 
... rest of stderr output deleted ...
configure:5462: $? = 0
configure:5451: gcc -V >&5
gcc: error: unrecognized command-line option '-V'
gcc: fatal error: no input files
compilation terminated.
configure:5462: $? = 1
configure:5451: gcc -qversion >&5
gcc: error: unrecognized command-line option '-qversion'; did you mean '--version'?
gcc: fatal error: no input files
compilation terminated.
configure:5462: $? = 1
configure:5451: gcc -version >&5
gcc: error: unrecognized command-line option '-version'
gcc: fatal error: no input files
compilation terminated.
configure:5462: $? = 1
configure:5482: checking whether the C compiler works
configure:5504: gcc -O2   conftest.c  >&5
configure:5508: $? = 0
configure:5558: result: yes
configure:5561: checking for C compiler default output file name
configure:5563: result: a.out
configure:5569: checking for suffix of executables
configure:5576: gcc -o conftest -O2   conftest.c  >&5
configure:5580: $? = 0
configure:5603: result: 
configure:5625: checking whether we are cross compiling
configure:5633: gcc -o conftest -O2   conftest.c  >&5
configure:5637: $? = 0
configure:5644: ./conftest
configure:5648: $? = 0
configure:5663: result: no
configure:5668: checking for suffix of object files
configure:5691: gcc -c -O2  conftest.c >&5
configure:5695: $? = 0
configure:5717: result: o
configure:5721: checking whether the compiler supports GNU C
configure:5741: gcc -c -O2  conftest.c >&5
configure:5741: $? = 0
configure:5751: result: yes
configure:5762: checking whether gcc accepts -g
configure:5783: gcc -c -g  conftest.c >&5
configure:5783: $? = 0
configure:5827: result: yes
configure:5847: checking for gcc option to enable C11 features
configure:5862: gcc  -c -O2  conftest.c >&5
configure:5862: $? = 0
configure:5880: result: none needed
configure:5996: checking whether gcc understands -c and -o together
configure:6019: gcc -c conftest.c -o conftest2.o
configure:6022: $? = 0
configure:6019: gcc -c conftest.c -o conftest2.o
configure:6022: $? = 0
configure:6034: result: yes
configure:6053: checking dependency style of gcc
configure:6165: result: gcc3
configure:6378: checking whether to compile FC using MPI
configure:6385: result: no
configure:6985: checking build system type
configure:7000: result: x86_64-unknown-linux-gnu
configure:7020: checking host system type
configure:7034: result: x86_64-unknown-linux-gnu
configure:7881: HDF version is not a parallel one.
configure:7895: checking for grep that handles long lines and -e
configure:7959: result: /usr/bin/grep
configure:7969: checking how to run the C preprocessor
configure:7995: gcc -E  conftest.c
configure:7995: $? = 0
configure:8010: gcc -E  conftest.c
conftest.c:12:10: fatal error: ac_nonexistent.h: No such file or directory
   12 | #include <ac_nonexistent.h>
      |          ^~~~~~~~~~~~~~~~~~
compilation terminated.
configure:8010: $? = 1
configure: failed program was:
| /* confdefs.h */
| #define PACKAGE_NAME "MED Fichier"
| #define PACKAGE_TARNAME "med"
| #define PACKAGE_VERSION "4.1.1"
| #define PACKAGE_STRING "MED Fichier 4.1.1"
| #define PACKAGE_BUGREPORT "eric.fayolle@edf.fr"
| #define PACKAGE_URL ""
| #define PACKAGE "med"
| #define VERSION "4.1.1"
| #define MED_HAVE_FORTRAN 1
| /* end confdefs.h.  */
| #include <ac_nonexistent.h>
configure:8037: result: gcc -E
configure:8051: gcc -E  conftest.c
configure:8051: $? = 0
configure:8066: gcc -E  conftest.c
conftest.c:12:10: fatal error: ac_nonexistent.h: No such file or directory
   12 | #include <ac_nonexistent.h>
      |          ^~~~~~~~~~~~~~~~~~
compilation terminated.
configure:8066: $? = 1
configure: failed program was:
| /* confdefs.h */
| #define PACKAGE_NAME "MED Fichier"
| #define PACKAGE_TARNAME "med"
| #define PACKAGE_VERSION "4.1.1"
| #define PACKAGE_STRING "MED Fichier 4.1.1"
| #define PACKAGE_BUGREPORT "eric.fayolle@edf.fr"
| #define PACKAGE_URL ""
| #define PACKAGE "med"
| #define VERSION "4.1.1"
| #define MED_HAVE_FORTRAN 1
| /* end confdefs.h.  */
| #include <ac_nonexistent.h>
configure:8101: checking for stdio.h
configure:8101: gcc -c -O2  conftest.c >&5
configure:8101: $? = 0
configure:8101: result: yes
configure:8101: checking for stdlib.h
configure:8101: gcc -c -O2  conftest.c >&5
configure:8101: $? = 0
configure:8101: result: yes
configure:8101: checking for string.h
configure:8101: gcc -c -O2  conftest.c >&5
configure:8101: $? = 0
configure:8101: result: yes
configure:8101: checking for inttypes.h
configure:8101: gcc -c -O2  conftest.c >&5
configure:8101: $? = 0
configure:8101: result: yes
configure:8101: checking for stdint.h
configure:8101: gcc -c -O2  conftest.c >&5
configure:8101: $? = 0
configure:8101: result: yes
configure:8101: checking for strings.h
configure:8101: gcc -c -O2  conftest.c >&5
configure:8101: $? = 0
configure:8101: result: yes
configure:8101: checking for sys/stat.h
configure:8101: gcc -c -O2  conftest.c >&5
configure:8101: $? = 0
configure:8101: result: yes
configure:8101: checking for sys/types.h
configure:8101: gcc -c -O2  conftest.c >&5
configure:8101: $? = 0
configure:8101: result: yes
configure:8101: checking for unistd.h
configure:8101: gcc -c -O2  conftest.c >&5
configure:8101: $? = 0
configure:8101: result: yes
configure:8101: checking for sys/time.h
configure:8101: gcc -c -O2  conftest.c >&5
configure:8101: $? = 0
configure:8101: result: yes
configure:8145: checking absolute name of <H5public.h>
configure:8151: checking for H5public.h
configure:8151: gcc -c -O2 -I/usr//lib/x86_64-linux-gnu/hdf5/serial//include  conftest.c >&5
configure:8151: $? = 0
configure:8151: result: yes
configure:8172: result: ///usr//lib/x86_64-linux-gnu/hdf5/serial//include/H5public.h
configure:8188: error: 
This HDF5 version ..7 must not be used with med-fichier4.1.1.
The HDF5 library version used by med-fichier4.y.z MUST NOT be > 1.10 and have to be at least HDF5-1.10.2.
DO NOT TRY TO COMPILE med-fichier4.1.1 version with an HDF5 library which would generate an hdf5 file not compliant with HDF5-1.10.z library.
This would BREAK med-fichier compatibility between files with the same revision number !
      

## ---------------- ##
## Cache variables. ##
## ---------------- ##

ac_cv_build=x86_64-unknown-linux-gnu
ac_cv_c_compiler_gnu=yes
ac_cv_env_CCC_set=
ac_cv_env_CCC_value=
ac_cv_env_CC_set=
ac_cv_env_CC_value=
ac_cv_env_CFLAGS_set=set
ac_cv_env_CFLAGS_value=-O2
ac_cv_env_CPPFLAGS_set=
ac_cv_env_CPPFLAGS_value=
ac_cv_env_CPP_set=
ac_cv_env_CPP_value=
ac_cv_env_CXXCPP_set=
ac_cv_env_CXXCPP_value=
ac_cv_env_CXXFLAGS_set=set
ac_cv_env_CXXFLAGS_value=-O2
ac_cv_env_CXX_set=
ac_cv_env_CXX_value=
ac_cv_env_F77_set=
ac_cv_env_F77_value=
ac_cv_env_FCFLAGS_set=
ac_cv_env_FCFLAGS_value=
ac_cv_env_FC_set=
ac_cv_env_FC_value=
ac_cv_env_FFLAGS_set=set
ac_cv_env_FFLAGS_value=-O2
ac_cv_env_FTLDFLAGS_set=
ac_cv_env_FTLDFLAGS_value=
ac_cv_env_FTLIBS_set=
ac_cv_env_FTLIBS_value=
ac_cv_env_LDFLAGS_set=
ac_cv_env_LDFLAGS_value=
ac_cv_env_LIBS_set=
ac_cv_env_LIBS_value=
ac_cv_env_LT_SYS_LIBRARY_PATH_set=
ac_cv_env_LT_SYS_LIBRARY_PATH_value=
ac_cv_env_MPICC_set=
ac_cv_env_MPICC_value=
ac_cv_env_MPICXX_set=
ac_cv_env_MPICXX_value=
ac_cv_env_MPIF77_set=
ac_cv_env_MPIF77_value=
ac_cv_env_MPIFC_set=
ac_cv_env_MPIFC_value=
ac_cv_env_PYTHON_VERSION_set=
ac_cv_env_PYTHON_VERSION_value=
ac_cv_env_PYTHON_set=
ac_cv_env_PYTHON_value=
ac_cv_env_SWIGFLAGS_set=
ac_cv_env_SWIGFLAGS_value=
ac_cv_env_build_alias_set=
ac_cv_env_build_alias_value=
ac_cv_env_host_alias_set=
ac_cv_env_host_alias_value=
ac_cv_env_target_alias_set=
ac_cv_env_target_alias_value=
ac_cv_header_H5public_h=yes
ac_cv_header_inttypes_h=yes
ac_cv_header_stdint_h=yes
ac_cv_header_stdio_h=yes
ac_cv_header_stdlib_h=yes
ac_cv_header_string_h=yes
ac_cv_header_strings_h=yes
ac_cv_header_sys_stat_h=yes
ac_cv_header_sys_time_h=yes
ac_cv_header_sys_types_h=yes
ac_cv_header_unistd_h=yes
ac_cv_host=x86_64-unknown-linux-gnu
ac_cv_objext=o
ac_cv_path_GREP=/usr/bin/grep
ac_cv_path_SED=/usr/bin/sed
ac_cv_path_install='/usr/bin/install -c'
ac_cv_path_mkdir=/usr/bin/mkdir
ac_cv_prog_AWK=mawk
ac_cv_prog_CPP='gcc -E'
ac_cv_prog_ac_ct_CC=gcc
ac_cv_prog_cc_c11=
ac_cv_prog_cc_g=yes
ac_cv_prog_cc_stdc=
ac_cv_prog_make_make_set=yes
am_cv_CC_dependencies_compiler_type=gcc3
am_cv_make_support_nested_variables=yes
am_cv_prog_cc_c_o=yes
am_cv_prog_tar_ustar=gnutar
gl_cv_absolute_H5public_h=///usr//lib/x86_64-linux-gnu/hdf5/serial//include/H5public.h

## ----------------- ##
## Output variables. ##
## ----------------- ##

ACLOCAL='${SHELL} '\''/home/tomsail/work/python/med-otm-feedstock/src/med-4.1.1/config/missing'\'' aclocal-1.16'
AMDEPBACKSLASH='\'
AMDEP_FALSE='#'
AMDEP_TRUE=''
AMTAR='$${TAR-tar}'
AM_BACKSLASH='\'
AM_DEFAULT_V='$(AM_DEFAULT_VERBOSITY)'
AM_DEFAULT_VERBOSITY='1'
AM_V='$(V)'
AR=''
AS=''
AUTOCONF='${SHELL} '\''/home/tomsail/work/python/med-otm-feedstock/src/med-4.1.1/config/missing'\'' autoconf'
AUTOHEADER='${SHELL} '\''/home/tomsail/work/python/med-otm-feedstock/src/med-4.1.1/config/missing'\'' autoheader'
AUTOMAKE='${SHELL} '\''/home/tomsail/work/python/med-otm-feedstock/src/med-4.1.1/config/missing'\'' automake-1.16'
AWK='mawk'
BUILD_F77TESTS_CONDITIONAL_FALSE=''
BUILD_F77TESTS_CONDITIONAL_TRUE=''
BUILD_F90TESTS_CONDITIONAL_FALSE=''
BUILD_F90TESTS_CONDITIONAL_TRUE='#'
BUILD_PYTHONTESTS_CONDITIONAL_FALSE=''
BUILD_PYTHONTESTS_CONDITIONAL_TRUE=''
BUILD_WITH_PMED='no'
CC='gcc'
CCDEPMODE='depmode=gcc3'
CC_VERSION=''
CFLAGS='-O2'
CONFIG_DATE=''
CONFIG_USER=''
CP=''
CPP='gcc -E'
CPPFLAGS='-I/usr//lib/x86_64-linux-gnu/hdf5/serial//include '
CSCOPE='cscope'
CTAGS='ctags'
CXX=''
CXXCPP=''
CXXDEPMODE=''
CXXFLAGS='-O2'
CXXOK=''
CYGPATH_W='echo'
DEFS=''
DEPDIR='.deps'
DIFF=''
DLLTOOL=''
DSYMUTIL=''
DUMPBIN=''
ECHO_C=''
ECHO_N='-n'
ECHO_T=''
EGREP=''
ENABLE_API23_FALSE=''
ENABLE_API23_TRUE=''
ENABLE_FORTRAN_FALSE='#'
ENABLE_FORTRAN_TRUE=''
ETAGS='etags'
EXEEXT=''
F77=''
FC=''
FCFLAGS=''
FCFLAGS_F90=''
FCFLAGS_F=''
FCLIBS=''
FC_DEFINE=''
FFLAGS='-O2'
FGREP=''
FLIBS=''
FTLDFLAGS=''
FTLIBS=''
GREP='/usr/bin/grep'
H5DUMP=''
HAVE_INT64_FALSE=''
HAVE_INT64_TRUE=''
HDF5_CPPFLAGS=''
HDF5_LDFLAGS=''
HDF5_LIBS=''
HDF5_TYPEDEF_HERR_T=''
HDF5_TYPEDEF_HID_T=''
HDF5_TYPEDEF_HSIZE_T=''
HDF5_USED_VER='"HDF5 library version: 1.10.7"'
HDF_VERSION_MAJOR_REF='1'
HDF_VERSION_MINOR_REF='10'
HDF_VERSION_REF='5-1.10.2'
HDF_VERSION_RELEASE_REF='2'
HIDT_I8_OR_I4=''
INSTALLTEST_FALSE=''
INSTALLTEST_TRUE=''
INSTALL_DATA='${INSTALL} -m 644'
INSTALL_PROGRAM='${INSTALL}'
INSTALL_SCRIPT='${INSTALL}'
INSTALL_STRIP_PROGRAM='$(install_sh) -c -s'
LD=''
LDFLAGS='-L/usr//lib/x86_64-linux-gnu/hdf5/serial//lib '
LIBOBJS=''
LIBS=''
LIBTOOL=''
LIPO=''
LN_S=''
LONG_OR_INT=''
LTLIBOBJS=''
LT_SYS_LIBRARY_PATH=''
MAKEINFO='${SHELL} '\''/home/tomsail/work/python/med-otm-feedstock/src/med-4.1.1/config/missing'\'' makeinfo'
MANIFEST_TOOL=''
MEDIMPORT_CMAKE_SO_MAJ='0'
MEDIMPORT_CMAKE_SO_MIN='4'
MEDIMPORT_CMAKE_SO_REL='0'
MEDIMPORT_LIBTOOL_MAJ='4'
MEDIMPORT_LIBTOOL_MIN='0'
MEDIMPORT_LIBTOOL_REL='4'
MED_3_LATEST_MINOR='3'
MED_40_LATEST_RELEASE='1'
MED_API_23=''
MED_CHECK_23FORMAT=''
MED_CMAKE_SO_MAJ='11'
MED_CMAKE_SO_MIN='1'
MED_CMAKE_SO_REL='1'
MED_DEFINE_MED_HAVE_MPI=''
MED_HAVE_PYTHON3_FALSE=''
MED_HAVE_PYTHON3_TRUE=''
MED_INT32=''
MED_INT64=''
MED_LIBTOOL_MAJ='12'
MED_LIBTOOL_MIN='1'
MED_LIBTOOL_REL='1'
MED_NUM_MAJEUR='4'
MED_NUM_MINEUR='1'
MED_NUM_RELEASE='1'
MED_PYTHON2_VERSION_REF='2.7'
MED_PYTHON3_VERSION_REF='3.0'
MED_PYTHON_VERSION_REF='3.0'
MED_SWIG_GT_30008_FALSE=''
MED_SWIG_GT_30008_TRUE=''
MED_SWIG_INT64_FALSE=''
MED_SWIG_INT64_TRUE=''
MED_SWIG_MIN_VERSION_REF='2.0.8'
MED_SWIG_VERSION_REF='3.0.8'
MED_UTILS_LONG_OR_INT=''
MESGERR=''
MKDIR_P='/usr/bin/mkdir -p'
MPICC=''
MPICXX=''
MPIF77=''
MPIFC=''
NM=''
NMEDIT=''
OBJDUMP=''
OBJEXT='o'
OTOOL64=''
OTOOL=''
PACKAGE='med'
PACKAGE_BUGREPORT='eric.fayolle@edf.fr'
PACKAGE_NAME='MED Fichier'
PACKAGE_STRING='MED Fichier 4.1.1'
PACKAGE_TARNAME='med'
PACKAGE_URL=''
PACKAGE_VERSION='4.1.1'
PATH_SEPARATOR=':'
PYTHON=''
PYTHON_CPPFLAGS=''
PYTHON_EXEC_PREFIX=''
PYTHON_EXTRA_LDFLAGS=''
PYTHON_EXTRA_LIBS=''
PYTHON_LDFLAGS=''
PYTHON_PLATFORM=''
PYTHON_PREFIX=''
PYTHON_SITE_PKG=''
PYTHON_VERSION=''
RANLIB=''
SED='/usr/bin/sed'
SET_MAKE=''
SHELL='/bin/bash'
STATIC_SHARED=''
STRIP=''
SWIG=''
SWIGFLAGS=''
SWIG_LIB=''
SWIG_PYTHON_CPPFLAGS=''
SWIG_PYTHON_OPT=''
UNAME_INFO=''
VERSION='4.1.1'
WISH=''
WITHF90_FALSE=''
WITHF90_TRUE=''
WITHFCPP_FALSE=''
WITHFCPP_TRUE='#'
WITHPMED_FALSE=''
WITHPMED_TRUE='#'
WITH_PYTHON_FALSE=''
WITH_PYTHON_TRUE=''
WITH_SWIG_FALSE=''
WITH_SWIG_TRUE=''
ac_aux_dir='./config/'
ac_ct_AR=''
ac_ct_CC='gcc'
ac_ct_CXX=''
ac_ct_DUMPBIN=''
ac_ct_F77=''
ac_ct_FC=''
am__EXEEXT_FALSE=''
am__EXEEXT_TRUE=''
am__fastdepCC_FALSE='#'
am__fastdepCC_TRUE=''
am__fastdepCXX_FALSE=''
am__fastdepCXX_TRUE=''
am__include='include'
am__isrc=''
am__leading_dot='.'
am__nodep='_no'
am__quote=''
am__tar='tar --format=ustar -chf - "$$tardir"'
am__untar='tar -xf -'
bindir='${exec_prefix}/bin'
build='x86_64-unknown-linux-gnu'
build_alias=''
build_cpu='x86_64'
build_os='linux-gnu'
build_vendor='unknown'
datadir='${datarootdir}'
datarootdir='${prefix}/share'
docdir='${datarootdir}/doc/${PACKAGE_TARNAME}'
dvidir='${docdir}'
enable_shared=''
enable_static=''
exec_prefix='NONE'
host='x86_64-unknown-linux-gnu'
host_alias=''
host_cpu='x86_64'
host_os='linux-gnu'
host_vendor='unknown'
htmldir='${docdir}'
includedir='${prefix}/include'
infodir='${datarootdir}/info'
install_sh='${SHELL} /home/tomsail/work/python/med-otm-feedstock/src/med-4.1.1/config/install-sh'
libdir='${exec_prefix}/lib'
libexecdir='${exec_prefix}/libexec'
localedir='${datarootdir}/locale'
localstatedir='${prefix}/var'
mandir='${datarootdir}/man'
mkdir_p='$(MKDIR_P)'
oldincludedir='/usr/include'
pdfdir='${docdir}'
pkgpyexecdir=''
pkgpythondir=''
prefix=''
program_transform_name='s,x,x,'
psdir='${docdir}'
pyexecdir=''
pythondir=''
runstatedir='${localstatedir}/run'
sbindir='${exec_prefix}/sbin'
sharedstatedir='${prefix}/com'
sysconfdir='${prefix}/etc'
target_alias=''

## ------------------- ##
## File substitutions. ##
## ------------------- ##

DOXYALIASES=''
DOXYMEDEQUIVALENCE=''
DOXYMEDFAMILY=''
DOXYMEDFIELD=''
DOXYMEDFILE=''
DOXYMEDFILTER=''
DOXYMEDINTERP=''
DOXYMEDJOINT=''
DOXYMEDLIBRARY=''
DOXYMEDLINK=''
DOXYMEDLOCALIZATION=''
DOXYMEDMESH=''
DOXYMEDPARAMETER=''
DOXYMEDPROFILE=''
DOXYMEDSTRUCTELEMENT=''
DOXYMEDSUPPORTMESH=''

## ----------- ##
## confdefs.h. ##
## ----------- ##

/* confdefs.h */
#define PACKAGE_NAME "MED Fichier"
#define PACKAGE_TARNAME "med"
#define PACKAGE_VERSION "4.1.1"
#define PACKAGE_STRING "MED Fichier 4.1.1"
#define PACKAGE_BUGREPORT "eric.fayolle@edf.fr"
#define PACKAGE_URL ""
#define PACKAGE "med"
#define VERSION "4.1.1"
#define MED_HAVE_FORTRAN 1
#define HAVE_STDIO_H 1
#define HAVE_STDLIB_H 1
#define HAVE_STRING_H 1
#define HAVE_INTTYPES_H 1
#define HAVE_STDINT_H 1
#define HAVE_STRINGS_H 1
#define HAVE_SYS_STAT_H 1
#define HAVE_SYS_TYPES_H 1
#define HAVE_UNISTD_H 1
#define HAVE_SYS_TIME_H 1
#define STDC_HEADERS 1
#define HAVE_H5PUBLIC_H 1
#define ABSOLUTE_H5PUBLIC_H "///usr//lib/x86_64-linux-gnu/hdf5/serial//include/H5public.h"

configure: exit 1
